<?xml version="1.0" encoding="UTF-8"?>
<coverage generated="1690707061090" clover="3.2.0">
  <project timestamp="1690707061090" name="All files">
    <metrics statements="6" coveredstatements="6" conditionals="4" coveredconditionals="4" methods="3" coveredmethods="3" elements="13" coveredelements="13" complexity="0" loc="6" ncloc="6" packages="1" files="1" classes="1"/>
    <file name="healthIndicator.js" path="D:\Нетологи js\homeworks advanced\hw4\src\healthIndicator.js">
      <metrics statements="6" coveredstatements="6" conditionals="4" coveredconditionals="4" methods="3" coveredmethods="3"/>
      <line num="3" count="3" type="cond" truecount="2" falsecount="0"/>
      <line num="4" count="1" type="stmt"/>
      <line num="5" count="2" type="cond" truecount="2" falsecount="0"/>
      <line num="6" count="1" type="stmt"/>
      <line num="8" count="1" type="stmt"/>
      <line num="14" count="4" type="stmt"/>
    </file>
  </project>
</coverage>
