{"D:\\Нетологи js\\homeworks advanced\\hw4\\src\\healthIndicator.js": {"path":"D:\\Нетологи js\\homeworks advanced\\hw4\\src\\healthIndicator.js","statementMap":{"0":{"start":{"line":3,"column":4},"end":{"line":9,"column":5}},"1":{"start":{"line":4,"column":8},"end":{"line":4,"column":25}},"2":{"start":{"line":5,"column":11},"end":{"line":9,"column":5}},"3":{"start":{"line":6,"column":8},"end":{"line":6,"column":25}},"4":{"start":{"line":8,"column":8},"end":{"line":8,"column":26}},"5":{"start":{"line":14,"column":4},"end":{"line":14,"column":54}},"6":{"start":{"line":14,"column":34},"end":{"line":14,"column":53}}},"fnMap":{"0":{"name":"getHealthIndicator","decl":{"start":{"line":2,"column":16},"end":{"line":2,"column":34}},"loc":{"start":{"line":2,"column":46},"end":{"line":10,"column":1}},"line":2},"1":{"name":"sortObjectByHealth","decl":{"start":{"line":13,"column":16},"end":{"line":13,"column":34}},"loc":{"start":{"line":13,"column":44},"end":{"line":15,"column":1}},"line":13},"2":{"name":"(anonymous_2)","decl":{"start":{"line":14,"column":24},"end":{"line":14,"column":25}},"loc":{"start":{"line":14,"column":34},"end":{"line":14,"column":53}},"line":14}},"branchMap":{"0":{"loc":{"start":{"line":3,"column":4},"end":{"line":9,"column":5}},"type":"if","locations":[{"start":{"line":3,"column":4},"end":{"line":9,"column":5}},{"start":{"line":5,"column":11},"end":{"line":9,"column":5}}],"line":3},"1":{"loc":{"start":{"line":5,"column":11},"end":{"line":9,"column":5}},"type":"if","locations":[{"start":{"line":5,"column":11},"end":{"line":9,"column":5}},{"start":{"line":7,"column":11},"end":{"line":9,"column":5}}],"line":5}},"s":{"0":3,"1":1,"2":2,"3":1,"4":1,"5":1,"6":4},"f":{"0":3,"1":1,"2":4},"b":{"0":[1,2],"1":[1,1]},"_coverageSchema":"1a1c01bbd47fc00a2c39e90264f33305004495a9","hash":"0fd815407e19b3b64d8103fcd30a01d2930690da"}
}
